#
# A fatal error has been detected by the Java Runtime Environment:
#
#  EXCEPTION_ACCESS_VIOLATION (0xc0000005) at pc=0x0000000002ac4ebe, pid=5840, tid=0x00000000000020f0
#
# JRE version: OpenJDK Runtime Environment (8.0_152-b01) (build 1.8.0_152-release-1248-b01)
# Java VM: OpenJDK 64-Bit Server VM (25.152-b01 mixed mode windows-amd64 compressed oops)
# Problematic frame:
# j  com.google.common.collect.ImmutableMultimap$1.<init>(Lcom/google/common/collect/ImmutableMultimap;)V+17
#
# Failed to write core dump. Minidumps are not enabled by default on client versions of Windows
#
# If you would like to submit a bug report, please visit:
#   http://bugreport.java.com/bugreport/crash.jsp
#

---------------  T H R E A D  ---------------

Current thread (0x000000002148e800):  JavaThread "Build operations Thread 3" [_thread_in_Java, id=8432, stack(0x000000003bbf0000,0x000000003bcf0000)]

siginfo: ExceptionCode=0xc0000005, reading address 0x0000000752c630c0

Registers:
RAX=0x0000000752c62ec0, RBX=0x000000000000000b, RCX=0x00000000a1cc8340, RDX=0x0000000000000001
RSP=0x000000003bcee510, RBP=0x000000003bcee568, RSI=0x000000001cc1a590, RDI=0x000000002856f4f0
R8 =0x0000000002817440, R9 =0x0000000000008000, R10=0x0000000066d6c7b0, R11=0x000000003bcee4d0
R12=0x0000000000000000, R13=0x00000000202a25b1, R14=0x0000000023a4b5e0, R15=0x000000002148e800
RIP=0x0000000002ac4ebe, EFLAGS=0x0000000000010202

Top of Stack: (sp=0x000000003bcee510)
0x000000003bcee510:   0000000002aa7e20 00000000a1cc8340
0x000000003bcee520:   00000000ee7f8590 000000003bcee528
0x000000003bcee530:   00000000202a25b1 000000003bcee580
0x000000003bcee540:   0000000023a14da0 0000000023a4b5e0
0x000000003bcee550:   00000000202a25f0 0000000000000000
0x000000003bcee560:   000000003bcee578 000000003bcee5d0
0x000000003bcee570:   0000000002aa809d 0000000000000000
0x000000003bcee580:   00000000ee7f8590 00000000ee7f8590
0x000000003bcee590:   000000003bcee590 0000000020298e85
0x000000003bcee5a0:   000000003bcee5e0 00000000202a2908
0x000000003bcee5b0:   0000000023a4b480 0000000020298ea0
0x000000003bcee5c0:   000000003bcee578 000000003bcee5e0
0x000000003bcee5d0:   000000003bcee628 0000000002aa7e20
0x000000003bcee5e0:   0000000000000000 000000003bcee5e8
0x000000003bcee5f0:   000000002029cd54 000000003bcee638
0x000000003bcee600:   0000000023a14b58 0000000023a4b7a0 

Instructions: (pc=0x0000000002ac4ebe)
0x0000000002ac4e9e:   01 49 83 5e 28 00 e9 0d 00 00 00 49 89 46 10 ba
0x0000000002ac4eae:   01 00 00 00 49 89 56 18 49 83 c6 30 4c 89 75 e0
0x0000000002ac4ebe:   48 8b 9c d8 a8 01 00 00 48 8b 55 e0 48 85 d2 0f
0x0000000002ac4ece:   84 2f 01 00 00 80 7a d0 0b 0f 85 25 01 00 00 48 


Register to memory mapping:

RAX=0x0000000752c62ec0 is an unknown value
RBX=0x000000000000000b is an unknown value
RCX=
[error occurred during error reporting (printing register info), id 0xc0000005]

Stack: [0x000000003bbf0000,0x000000003bcf0000],  sp=0x000000003bcee510,  free space=1017k
Native frames: (J=compiled Java code, j=interpreted, Vv=VM code, C=native code)
C  0x0000000002ac4ebe


---------------  P R O C E S S  ---------------

Java Threads: ( => current thread )
  0x000000001f0a4800 JavaThread "Cache worker for execution history cache (D:\DATA\PROGRAMMING\ANDROID\ANDROIDPROJECT\FirebaseIOT\.gradle\5.1.1\executionHistory)" [_thread_blocked, id=4008, stack(0x000000003c2f0000,0x000000003c3f0000)]
  0x000000001f0a9000 JavaThread "Execution worker for ':' Thread 3" [_thread_blocked, id=11044, stack(0x000000003c1f0000,0x000000003c2f0000)]
  0x000000001f0a4000 JavaThread "Execution worker for ':' Thread 2" [_thread_blocked, id=8468, stack(0x000000003c0f0000,0x000000003c1f0000)]
  0x000000001f0a7800 JavaThread "Execution worker for ':'" [_thread_blocked, id=584, stack(0x000000003bff0000,0x000000003c0f0000)]
  0x000000001f0a6000 JavaThread "Cache worker for file content cache (D:\DATA\PROGRAMMING\ANDROID\ANDROIDPROJECT\FirebaseIOT\.gradle\5.1.1\fileContent)" [_thread_blocked, id=6756, stack(0x000000003bef0000,0x000000003bff0000)]
  0x000000001f0a8800 JavaThread "Cache worker for Build Output Cleanup Cache (D:\DATA\PROGRAMMING\ANDROID\ANDROIDPROJECT\FirebaseIOT\.gradle\buildOutputCleanup)" [_thread_blocked, id=6440, stack(0x000000003bdf0000,0x000000003bef0000)]
  0x000000001f0a7000 JavaThread "Build operations Thread 4" [_thread_blocked, id=1232, stack(0x000000003bcf0000,0x000000003bdf0000)]
=>0x000000002148e800 JavaThread "Build operations Thread 3" [_thread_in_Java, id=8432, stack(0x000000003bbf0000,0x000000003bcf0000)]
  0x0000000021495800 JavaThread "Build operations Thread 2" [_thread_blocked, id=7020, stack(0x000000003baf0000,0x000000003bbf0000)]
  0x000000002148e000 JavaThread "Build operations" [_thread_blocked, id=7740, stack(0x000000003b9f0000,0x000000003baf0000)]
  0x000000002148f800 JavaThread "Cache worker for cache directory md-rule (C:\Users\ASUS\.gradle\caches\5.1.1\md-rule)" [_thread_blocked, id=10452, stack(0x000000003b8f0000,0x000000003b9f0000)]
  0x0000000021493000 JavaThread "Cache worker for cache directory md-supplier (C:\Users\ASUS\.gradle\caches\5.1.1\md-supplier)" [_thread_blocked, id=896, stack(0x000000003b7f0000,0x000000003b8f0000)]
  0x0000000021490000 JavaThread "Cache worker for file hash cache (D:\DATA\PROGRAMMING\ANDROID\ANDROIDPROJECT\FirebaseIOT\.gradle\5.1.1\fileHashes)" [_thread_blocked, id=9544, stack(0x000000003b6f0000,0x000000003b7f0000)]
  0x0000000021486000 JavaThread "Thread-243" [_thread_blocked, id=9600, stack(0x000000003b5f0000,0x000000003b6f0000)]
  0x000000002148d000 JavaThread "Stdin handler" [_thread_blocked, id=1828, stack(0x000000003b4f0000,0x000000003b5f0000)]
  0x000000002148b000 JavaThread "Asynchronous log dispatcher for DefaultDaemonConnection: socket connection from /127.0.0.1:53831 to /127.0.0.1:51764" [_thread_blocked, id=10684, stack(0x000000003b3f0000,0x000000003b4f0000)]
  0x0000000021487000 JavaThread "Daemon worker Thread 11" [_thread_blocked, id=3472, stack(0x000000003b2f0000,0x000000003b3f0000)]
  0x0000000021487800 JavaThread "Cancel handler" [_thread_blocked, id=3564, stack(0x000000003b1f0000,0x000000003b2f0000)]
  0x000000002148b800 JavaThread "Handler for socket connection from /127.0.0.1:53831 to /127.0.0.1:51764" [_thread_in_native, id=1968, stack(0x000000003b0f0000,0x000000003b1f0000)]
  0x000000002148a000 JavaThread "Daemon Thread 11" [_thread_blocked, id=5384, stack(0x000000003aff0000,0x000000003b0f0000)]
  0x000000001f0ab800 JavaThread "Cache worker for Java compile cache (C:\Users\ASUS\.gradle\caches\5.1.1\javaCompile)" [_thread_blocked, id=3700, stack(0x0000000026f50000,0x0000000027050000)]
  0x0000000021489800 JavaThread "Cache worker for file content cache (C:\Users\ASUS\.gradle\caches\5.1.1\fileContent)" [_thread_blocked, id=7192, stack(0x0000000025f50000,0x0000000026050000)]
  0x000000001a971800 JavaThread "Memory manager" [_thread_blocked, id=11456, stack(0x0000000023c50000,0x0000000023d50000)]
  0x000000001a967000 JavaThread "pool-1-thread-1" [_thread_blocked, id=11444, stack(0x0000000020c40000,0x0000000020d40000)]
  0x00000000199d7000 JavaThread "Cache worker for execution history cache (C:\Users\ASUS\.gradle\caches\5.1.1\executionHistory)" [_thread_blocked, id=8692, stack(0x00000000200b0000,0x00000000201b0000)]
  0x00000000199d4800 JavaThread "Cache worker for journal cache (C:\Users\ASUS\.gradle\caches\journal-1)" [_thread_blocked, id=8576, stack(0x000000001be80000,0x000000001bf80000)]
  0x000000001a131000 JavaThread "File lock request listener" [_thread_in_native, id=9100, stack(0x000000001bd80000,0x000000001be80000)]
  0x000000001a130000 JavaThread "Cache worker for file hash cache (C:\Users\ASUS\.gradle\caches\5.1.1\fileHashes)" [_thread_blocked, id=6716, stack(0x000000001bc80000,0x000000001bd80000)]
  0x000000001908e800 JavaThread "Daemon periodic checks" [_thread_blocked, id=9196, stack(0x000000001b280000,0x000000001b380000)]
  0x0000000018f91000 JavaThread "Incoming local TCP Connector on port 53831" [_thread_in_native, id=1240, stack(0x000000001b040000,0x000000001b140000)]
  0x0000000017d90800 JavaThread "Service Thread" daemon [_thread_blocked, id=5492, stack(0x0000000018160000,0x0000000018260000)]
  0x0000000016416800 JavaThread "C1 CompilerThread2" daemon [_thread_blocked, id=10752, stack(0x0000000017c60000,0x0000000017d60000)]
  0x0000000016410800 JavaThread "C2 CompilerThread1" daemon [_thread_blocked, id=7472, stack(0x0000000017b60000,0x0000000017c60000)]
  0x000000001640c000 JavaThread "C2 CompilerThread0" daemon [_thread_blocked, id=8964, stack(0x0000000017a60000,0x0000000017b60000)]
  0x000000001640a000 JavaThread "Attach Listener" daemon [_thread_blocked, id=12028, stack(0x0000000017960000,0x0000000017a60000)]
  0x0000000016409000 JavaThread "Signal Dispatcher" daemon [_thread_blocked, id=1476, stack(0x0000000017860000,0x0000000017960000)]
  0x0000000002a9a000 JavaThread "Finalizer" daemon [_thread_blocked, id=7448, stack(0x0000000017670000,0x0000000017770000)]
  0x0000000002a91000 JavaThread "Reference Handler" daemon [_thread_blocked, id=12056, stack(0x0000000017570000,0x0000000017670000)]
  0x000000000299d800 JavaThread "main" [_thread_blocked, id=8980, stack(0x0000000002840000,0x0000000002940000)]

Other Threads:
  0x00000000163d6800 VMThread [stack: 0x0000000017470000,0x0000000017570000] [id=9824]
  0x000000001646b800 WatcherThread [stack: 0x0000000018260000,0x0000000018360000] [id=988]

VM state:not at safepoint (normal execution)

VM Mutex/Monitor currently owned by a thread: None

Heap:
 PSYoungGen      total 497152K, used 265763K [0x00000000e0000000, 0x0000000100000000, 0x0000000100000000)
  eden space 472064K, 52% used [0x00000000e0000000,0x00000000ef262218,0x00000000fcd00000)
  from space 25088K, 70% used [0x00000000fe780000,0x00000000ff8a6a40,0x0000000100000000)
  to   space 26112K, 0% used [0x00000000fcd00000,0x00000000fcd00000,0x00000000fe680000)
 ParOldGen       total 152064K, used 52986K [0x00000000a0000000, 0x00000000a9480000, 0x00000000e0000000)
  object space 152064K, 34% used [0x00000000a0000000,0x00000000a33be960,0x00000000a9480000)
 Metaspace       used 95869K, capacity 100193K, committed 100312K, reserved 1136640K
  class space    used 11979K, capacity 12731K, committed 12800K, reserved 1048576K

Card table byte_map: [0x0000000011e60000,0x0000000012170000] byte_map_base: 0x0000000011960000

Marking Bits: (ParMarkBitMap*) 0x0000000066d85aa0
 Begin Bits: [0x0000000012770000, 0x0000000013f70000)
 End Bits:   [0x0000000013f70000, 0x0000000015770000)

Polling page: 0x0000000000b40000

CodeCache: size=245760Kb used=64750Kb max_used=64785Kb free=181010Kb
 bounds [0x0000000002aa0000, 0x0000000006a60000, 0x0000000011aa0000]
 total_blobs=19279 nmethods=18375 adapters=815
 compilation: enabled

Compilation events (10 events):
Event: 8950.767 Thread 0x0000000016410800 23614       4       org.gradle.api.internal.artifacts.configurations.DefaultConfiguration_Decorated::getHierarchy (38 bytes)
Event: 8950.770 Thread 0x000000001640c000 23615       4       java.util.LinkedList::addAll (10 bytes)
Event: 8950.771 Thread 0x0000000016416800 nmethod 23613 0x0000000006a2ae90 code [0x0000000006a2b4e0, 0x0000000006a2f128]
Event: 8950.775 Thread 0x000000001640c000 nmethod 23615 0x0000000002caa1d0 code [0x0000000002caa320, 0x0000000002caa598]
Event: 8950.775 Thread 0x000000001640c000 23616       4       org.gradle.internal.resolve.result.DefaultBuildableComponentIdResolveResult::reset (26 bytes)
Event: 8950.776 Thread 0x000000001640c000 nmethod 23616 0x0000000002e6d6d0 code [0x0000000002e6d800, 0x0000000002e6d878]
Event: 8950.790 Thread 0x000000001640c000 23617       4       kotlin.text.StringsKt__StringsKt::split (162 bytes)
Event: 8950.793 Thread 0x0000000016410800 nmethod 23614 0x000000000375a210 code [0x000000000375a400, 0x000000000375af30]
Event: 8950.793 Thread 0x0000000016410800 23618       4       org.gradle.api.internal.artifacts.transform.ConsumerProvidedVariantFinder::findProducersFor (320 bytes)
Event: 8950.894 Thread 0x000000001640c000 nmethod 23617 0x00000000044e80d0 code [0x00000000044e82e0, 0x00000000044e9f38]

GC Heap History (10 events):
Event: 3212.773 GC heap before
{Heap before GC invocations=30 (full 4):
 PSYoungGen      total 373760K, used 347136K [0x00000000e0000000, 0x00000000fd400000, 0x0000000100000000)
  eden space 347136K, 100% used [0x00000000e0000000,0x00000000f5300000,0x00000000f5300000)
  from space 26624K, 0% used [0x00000000f5300000,0x00000000f5300000,0x00000000f6d00000)
  to   space 26112K, 0% used [0x00000000fba80000,0x00000000fba80000,0x00000000fd400000)
 ParOldGen       total 152064K, used 49116K [0x00000000a0000000, 0x00000000a9480000, 0x00000000e0000000)
  object space 152064K, 32% used [0x00000000a0000000,0x00000000a2ff7058,0x00000000a9480000)
 Metaspace       used 94222K, capacity 97827K, committed 98904K, reserved 1136640K
  class space    used 11846K, capacity 12496K, committed 12672K, reserved 1048576K
Event: 3212.803 GC heap after
Heap after GC invocations=30 (full 4):
 PSYoungGen      total 450048K, used 10725K [0x00000000e0000000, 0x00000000fd100000, 0x0000000100000000)
  eden space 427008K, 0% used [0x00000000e0000000,0x00000000e0000000,0x00000000fa100000)
  from space 23040K, 46% used [0x00000000fba80000,0x00000000fc4f94d0,0x00000000fd100000)
  to   space 24576K, 0% used [0x00000000fa100000,0x00000000fa100000,0x00000000fb900000)
 ParOldGen       total 152064K, used 49124K [0x00000000a0000000, 0x00000000a9480000, 0x00000000e0000000)
  object space 152064K, 32% used [0x00000000a0000000,0x00000000a2ff9058,0x00000000a9480000)
 Metaspace       used 94222K, capacity 97827K, committed 98904K, reserved 1136640K
  class space    used 11846K, capacity 12496K, committed 12672K, reserved 1048576K
}
Event: 3285.082 GC heap before
{Heap before GC invocations=31 (full 4):
 PSYoungGen      total 450048K, used 437733K [0x00000000e0000000, 0x00000000fd100000, 0x0000000100000000)
  eden space 427008K, 100% used [0x00000000e0000000,0x00000000fa100000,0x00000000fa100000)
  from space 23040K, 46% used [0x00000000fba80000,0x00000000fc4f94d0,0x00000000fd100000)
  to   space 24576K, 0% used [0x00000000fa100000,0x00000000fa100000,0x00000000fb900000)
 ParOldGen       total 152064K, used 49124K [0x00000000a0000000, 0x00000000a9480000, 0x00000000e0000000)
  object space 152064K, 32% used [0x00000000a0000000,0x00000000a2ff9058,0x00000000a9480000)
 Metaspace       used 94711K, capacity 98469K, committed 98904K, reserved 1136640K
  class space    used 11892K, capacity 12577K, committed 12672K, reserved 1048576K
Event: 3285.123 GC heap after
Heap after GC invocations=31 (full 4):
 PSYoungGen      total 451584K, used 12197K [0x00000000e0000000, 0x0000000100000000, 0x0000000100000000)
  eden space 427008K, 0% used [0x00000000e0000000,0x00000000e0000000,0x00000000fa100000)
  from space 24576K, 49% used [0x00000000fa100000,0x00000000face94e8,0x00000000fb900000)
  to   space 24064K, 0% used [0x00000000fe880000,0x00000000fe880000,0x0000000100000000)
 ParOldGen       total 152064K, used 52039K [0x00000000a0000000, 0x00000000a9480000, 0x00000000e0000000)
  object space 152064K, 34% used [0x00000000a0000000,0x00000000a32d1de8,0x00000000a9480000)
 Metaspace       used 94711K, capacity 98469K, committed 98904K, reserved 1136640K
  class space    used 11892K, capacity 12577K, committed 12672K, reserved 1048576K
}
Event: 3392.741 GC heap before
{Heap before GC invocations=32 (full 4):
 PSYoungGen      total 451584K, used 439173K [0x00000000e0000000, 0x0000000100000000, 0x0000000100000000)
  eden space 427008K, 99% used [0x00000000e0000000,0x00000000fa0f80c0,0x00000000fa100000)
  from space 24576K, 49% used [0x00000000fa100000,0x00000000face94e8,0x00000000fb900000)
  to   space 24064K, 0% used [0x00000000fe880000,0x00000000fe880000,0x0000000100000000)
 ParOldGen       total 152064K, used 52039K [0x00000000a0000000, 0x00000000a9480000, 0x00000000e0000000)
  object space 152064K, 34% used [0x00000000a0000000,0x00000000a32d1de8,0x00000000a9480000)
 Metaspace       used 95106K, capacity 99043K, committed 99416K, reserved 1136640K
  class space    used 11914K, capacity 12618K, committed 12672K, reserved 1048576K
Event: 3392.777 GC heap after
Heap after GC invocations=32 (full 4):
 PSYoungGen      total 496128K, used 20306K [0x00000000e0000000, 0x0000000100000000, 0x0000000100000000)
  eden space 472064K, 0% used [0x00000000e0000000,0x00000000e0000000,0x00000000fcd00000)
  from space 24064K, 84% used [0x00000000fe880000,0x00000000ffc54b68,0x0000000100000000)
  to   space 26112K, 0% used [0x00000000fcd00000,0x00000000fcd00000,0x00000000fe680000)
 ParOldGen       total 152064K, used 52407K [0x00000000a0000000, 0x00000000a9480000, 0x00000000e0000000)
  object space 152064K, 34% used [0x00000000a0000000,0x00000000a332dde8,0x00000000a9480000)
 Metaspace       used 95106K, capacity 99043K, committed 99416K, reserved 1136640K
  class space    used 11914K, capacity 12618K, committed 12672K, reserved 1048576K
}
Event: 4533.234 GC heap before
{Heap before GC invocations=33 (full 4):
 PSYoungGen      total 496128K, used 492370K [0x00000000e0000000, 0x0000000100000000, 0x0000000100000000)
  eden space 472064K, 100% used [0x00000000e0000000,0x00000000fcd00000,0x00000000fcd00000)
  from space 24064K, 84% used [0x00000000fe880000,0x00000000ffc54b68,0x0000000100000000)
  to   space 26112K, 0% used [0x00000000fcd00000,0x00000000fcd00000,0x00000000fe680000)
 ParOldGen       total 152064K, used 52407K [0x00000000a0000000, 0x00000000a9480000, 0x00000000e0000000)
  object space 152064K, 34% used [0x00000000a0000000,0x00000000a332dde8,0x00000000a9480000)
 Metaspace       used 95563K, capacity 99961K, committed 100056K, reserved 1136640K
  class space    used 11976K, capacity 12727K, committed 12800K, reserved 1048576K
Event: 4533.270 GC heap after
Heap after GC invocations=33 (full 4):
 PSYoungGen      total 498176K, used 8377K [0x00000000e0000000, 0x0000000100000000, 0x0000000100000000)
  eden space 472064K, 0% used [0x00000000e0000000,0x00000000e0000000,0x00000000fcd00000)
  from space 26112K, 32% used [0x00000000fcd00000,0x00000000fd52e438,0x00000000fe680000)
  to   space 25088K, 0% used [0x00000000fe780000,0x00000000fe780000,0x0000000100000000)
 ParOldGen       total 152064K, used 52663K [0x00000000a0000000, 0x00000000a9480000, 0x00000000e0000000)
  object space 152064K, 34% used [0x00000000a0000000,0x00000000a336dde8,0x00000000a9480000)
 Metaspace       used 95563K, capacity 99961K, committed 100056K, reserved 1136640K
  class space    used 11976K, capacity 12727K, committed 12800K, reserved 1048576K
}
Event: 4598.970 GC heap before
{Heap before GC invocations=34 (full 4):
 PSYoungGen      total 498176K, used 480441K [0x00000000e0000000, 0x0000000100000000, 0x0000000100000000)
  eden space 472064K, 100% used [0x00000000e0000000,0x00000000fcd00000,0x00000000fcd00000)
  from space 26112K, 32% used [0x00000000fcd00000,0x00000000fd52e438,0x00000000fe680000)
  to   space 25088K, 0% used [0x00000000fe780000,0x00000000fe780000,0x0000000100000000)
 ParOldGen       total 152064K, used 52663K [0x00000000a0000000, 0x00000000a9480000, 0x00000000e0000000)
  object space 152064K, 34% used [0x00000000a0000000,0x00000000a336dde8,0x00000000a9480000)
 Metaspace       used 95758K, capacity 100125K, committed 100312K, reserved 1136640K
  class space    used 11978K, capacity 12731K, committed 12800K, reserved 1048576K
Event: 4598.998 GC heap after
Heap after GC invocations=34 (full 4):
 PSYoungGen      total 497152K, used 17562K [0x00000000e0000000, 0x0000000100000000, 0x0000000100000000)
  eden space 472064K, 0% used [0x00000000e0000000,0x00000000e0000000,0x00000000fcd00000)
  from space 25088K, 70% used [0x00000000fe780000,0x00000000ff8a6a40,0x0000000100000000)
  to   space 26112K, 0% used [0x00000000fcd00000,0x00000000fcd00000,0x00000000fe680000)
 ParOldGen       total 152064K, used 52986K [0x00000000a0000000, 0x00000000a9480000, 0x00000000e0000000)
  object space 152064K, 34% used [0x00000000a0000000,0x00000000a33be960,0x00000000a9480000)
 Metaspace       used 95758K, capacity 100125K, committed 100312K, reserved 1136640K
  class space    used 11978K, capacity 12731K, committed 12800K, reserved 1048576K
}

Deoptimization events (10 events):
Event: 4536.467 Thread 0x000000002148e800 Uncommon trap: reason=class_check action=maybe_recompile pc=0x00000000068ad004 method=sun.reflect.DelegatingConstructorAccessorImpl.newInstance([Ljava/lang/Object;)Ljava/lang/Object; @ 5
Event: 4536.467 Thread 0x000000002148e800 Uncommon trap: reason=class_check action=maybe_recompile pc=0x00000000068ad004 method=sun.reflect.DelegatingConstructorAccessorImpl.newInstance([Ljava/lang/Object;)Ljava/lang/Object; @ 5
Event: 4536.468 Thread 0x000000002148e800 Uncommon trap: reason=class_check action=maybe_recompile pc=0x00000000068ad004 method=sun.reflect.DelegatingConstructorAccessorImpl.newInstance([Ljava/lang/Object;)Ljava/lang/Object; @ 5
Event: 4598.515 Thread 0x000000001f0a4000 Uncommon trap: reason=unstable_if action=reinterpret pc=0x0000000003916b60 method=com.esotericsoftware.kryo.io.Output.writeVarLong(JZ)I @ 55
Event: 4598.687 Thread 0x000000001a972800 Uncommon trap: reason=predicate action=maybe_recompile pc=0x00000000049231f8 method=java.util.LinkedList.toArray([Ljava/lang/Object;)[Ljava/lang/Object; @ 45
Event: 4599.018 Thread 0x000000002148f800 Uncommon trap: reason=unstable_if action=reinterpret pc=0x00000000037b7774 method=java.util.concurrent.ForkJoinPool.scan(Ljava/util/concurrent/ForkJoinPool$WorkQueue;I)Ljava/util/concurrent/ForkJoinTask; @ 392
Event: 8666.577 Thread 0x000000001908e800 Uncommon trap: reason=unstable_if action=reinterpret pc=0x00000000045bfc78 method=java.text.DecimalFormat.format(JLjava/lang/StringBuffer;Ljava/text/Format$FieldDelegate;)Ljava/lang/StringBuffer; @ 136
Event: 8666.577 Thread 0x000000001908e800 Uncommon trap: reason=unstable_if action=reinterpret pc=0x0000000005eb3c98 method=java.text.DigitList.isZero()Z @ 7
Event: 8666.578 Thread 0x000000001908e800 Uncommon trap: reason=unstable_if action=reinterpret pc=0x0000000003e4e610 method=java.text.DecimalFormat.format(JLjava/lang/StringBuffer;Ljava/text/Format$FieldDelegate;)Ljava/lang/StringBuffer; @ 136
Event: 8950.942 Thread 0x000000002148e800 Uncommon trap: reason=class_check action=maybe_recompile pc=0x0000000005bad110 method=com.google.common.collect.ImmutableMultimap$1.<init>(Lcom/google/common/collect/ImmutableMultimap;)V @ 17

Classes redefined (0 events):
No events

Internal exceptions (10 events):
Event: 8950.441 Thread 0x0000000021487000 Exception <a 'sun/nio/fs/WindowsException'> (0x00000000eabdb7b8) thrown at [D:\src\AOSP-openjdk-cygwin\jdk8u\hotspot\src\share\vm\prims\jni.cpp, line 709]
Event: 8950.441 Thread 0x0000000021487000 Exception <a 'sun/nio/fs/WindowsException'> (0x00000000eabdc508) thrown at [D:\src\AOSP-openjdk-cygwin\jdk8u\hotspot\src\share\vm\prims\jni.cpp, line 709]
Event: 8950.441 Thread 0x0000000021487000 Exception <a 'sun/nio/fs/WindowsException'> (0x00000000eabdeed0) thrown at [D:\src\AOSP-openjdk-cygwin\jdk8u\hotspot\src\share\vm\prims\jni.cpp, line 709]
Event: 8950.442 Thread 0x0000000021487000 Exception <a 'sun/nio/fs/WindowsException'> (0x00000000eabdf9e8) thrown at [D:\src\AOSP-openjdk-cygwin\jdk8u\hotspot\src\share\vm\prims\jni.cpp, line 709]
Event: 8950.442 Thread 0x0000000021487000 Exception <a 'sun/nio/fs/WindowsException'> (0x00000000eabe1a70) thrown at [D:\src\AOSP-openjdk-cygwin\jdk8u\hotspot\src\share\vm\prims\jni.cpp, line 709]
Event: 8950.442 Thread 0x0000000021487000 Exception <a 'sun/nio/fs/WindowsException'> (0x00000000eabe25a8) thrown at [D:\src\AOSP-openjdk-cygwin\jdk8u\hotspot\src\share\vm\prims\jni.cpp, line 709]
Event: 8950.442 Thread 0x0000000021487000 Exception <a 'sun/nio/fs/WindowsException'> (0x00000000eabe5048) thrown at [D:\src\AOSP-openjdk-cygwin\jdk8u\hotspot\src\share\vm\prims\jni.cpp, line 709]
Event: 8950.442 Thread 0x0000000021487000 Exception <a 'sun/nio/fs/WindowsException'> (0x00000000eabe5bc0) thrown at [D:\src\AOSP-openjdk-cygwin\jdk8u\hotspot\src\share\vm\prims\jni.cpp, line 709]
Event: 8950.442 Thread 0x0000000021487000 Exception <a 'sun/nio/fs/WindowsException'> (0x00000000eabe7d38) thrown at [D:\src\AOSP-openjdk-cygwin\jdk8u\hotspot\src\share\vm\prims\jni.cpp, line 709]
Event: 8950.442 Thread 0x0000000021487000 Exception <a 'sun/nio/fs/WindowsException'> (0x00000000eabe8aa8) thrown at [D:\src\AOSP-openjdk-cygwin\jdk8u\hotspot\src\share\vm\prims\jni.cpp, line 709]

Events (10 events):
Event: 8950.757 Thread 0x0000000016410800 flushing nmethod 0x0000000005f3c350
Event: 8950.758 Thread 0x0000000016410800 flushing nmethod 0x000000000601c390
Event: 8950.758 Thread 0x0000000016410800 flushing nmethod 0x0000000006058c10
Event: 8950.794 Executing VM operation: RevokeBias
Event: 8950.794 Executing VM operation: RevokeBias done
Event: 8950.794 Executing VM operation: RevokeBias
Event: 8950.794 Executing VM operation: RevokeBias done
Event: 8950.942 Thread 0x000000002148e800 Uncommon trap: trap_request=0xffffffde fr.pc=0x0000000005bad110
Event: 8950.942 Thread 0x000000002148e800 DEOPT PACKING pc=0x0000000005bad110 sp=0x000000003bcee760
Event: 8950.942 Thread 0x000000002148e800 DEOPT UNPACKING pc=0x0000000002ae557b sp=0x000000003bcee4e8 mode 2


Dynamic libraries:
0x00007ff6b1910000 - 0x00007ff6b1941000 	D:\MASTER\AndroidS\jre\bin\java.exe
0x00007ff8aa320000 - 0x00007ff8aa501000 	C:\WINDOWS\SYSTEM32\ntdll.dll
0x00007ff8a8200000 - 0x00007ff8a82b1000 	C:\WINDOWS\System32\KERNEL32.DLL
0x00007ff8a6a90000 - 0x00007ff8a6d03000 	C:\WINDOWS\System32\KERNELBASE.dll
0x00007ff8a8980000 - 0x00007ff8a8a21000 	C:\WINDOWS\System32\ADVAPI32.dll
0x00007ff8a8300000 - 0x00007ff8a839e000 	C:\WINDOWS\System32\msvcrt.dll
0x00007ff8aa290000 - 0x00007ff8aa2eb000 	C:\WINDOWS\System32\sechost.dll
0x00007ff8a8410000 - 0x00007ff8a8534000 	C:\WINDOWS\System32\RPCRT4.dll
0x00007ff8a8560000 - 0x00007ff8a86f0000 	C:\WINDOWS\System32\USER32.dll
0x00007ff8a76e0000 - 0x00007ff8a7700000 	C:\WINDOWS\System32\win32u.dll
0x00007ff8a82c0000 - 0x00007ff8a82e8000 	C:\WINDOWS\System32\GDI32.dll
0x00007ff8a7540000 - 0x00007ff8a76d1000 	C:\WINDOWS\System32\gdi32full.dll
0x00007ff8a6d10000 - 0x00007ff8a6daf000 	C:\WINDOWS\System32\msvcp_win.dll
0x00007ff8a68e0000 - 0x00007ff8a69d8000 	C:\WINDOWS\System32\ucrtbase.dll
0x00007ff89aed0000 - 0x00007ff89b139000 	C:\WINDOWS\WinSxS\amd64_microsoft.windows.common-controls_6595b64144ccf1df_6.0.17134.950_none_fb3da4273069d3e0\COMCTL32.dll
0x00007ff8a8b10000 - 0x00007ff8a8e32000 	C:\WINDOWS\System32\combase.dll
0x00007ff8a74c0000 - 0x00007ff8a7539000 	C:\WINDOWS\System32\bcryptPrimitives.dll
0x00007ff8a8950000 - 0x00007ff8a897d000 	C:\WINDOWS\System32\IMM32.DLL
0x0000000066400000 - 0x00000000664d2000 	D:\MASTER\AndroidS\jre\jre\bin\msvcr100.dll
0x00000000665c0000 - 0x0000000066e01000 	D:\MASTER\AndroidS\jre\jre\bin\server\jvm.dll
0x00007ff8aa280000 - 0x00007ff8aa288000 	C:\WINDOWS\System32\PSAPI.DLL
0x00007ff89ded0000 - 0x00007ff89ded9000 	C:\WINDOWS\SYSTEM32\WSOCK32.dll
0x00007ff89d9e0000 - 0x00007ff89d9ea000 	C:\WINDOWS\SYSTEM32\VERSION.dll
0x00007ff89adf0000 - 0x00007ff89ae13000 	C:\WINDOWS\SYSTEM32\WINMM.dll
0x00007ff8a83a0000 - 0x00007ff8a840c000 	C:\WINDOWS\System32\WS2_32.dll
0x00007ff89adc0000 - 0x00007ff89adea000 	C:\WINDOWS\SYSTEM32\WINMMBASE.dll
0x00007ff8a69e0000 - 0x00007ff8a6a29000 	C:\WINDOWS\System32\cfgmgr32.dll
0x00007ff89e720000 - 0x00007ff89e72f000 	D:\MASTER\AndroidS\jre\jre\bin\verify.dll
0x00007ff8991c0000 - 0x00007ff8991e9000 	D:\MASTER\AndroidS\jre\jre\bin\java.dll
0x00007ff898f20000 - 0x00007ff898f36000 	D:\MASTER\AndroidS\jre\jre\bin\zip.dll
0x00007ff8a8e40000 - 0x00007ff8aa280000 	C:\WINDOWS\System32\SHELL32.dll
0x00007ff8a7c30000 - 0x00007ff8a7cd9000 	C:\WINDOWS\System32\shcore.dll
0x00007ff8a6db0000 - 0x00007ff8a74bd000 	C:\WINDOWS\System32\windows.storage.dll
0x00007ff8a86f0000 - 0x00007ff8a8741000 	C:\WINDOWS\System32\shlwapi.dll
0x00007ff8a66d0000 - 0x00007ff8a66e1000 	C:\WINDOWS\System32\kernel.appcore.dll
0x00007ff8a66b0000 - 0x00007ff8a66cf000 	C:\WINDOWS\System32\profapi.dll
0x00007ff8a6660000 - 0x00007ff8a66ac000 	C:\WINDOWS\System32\powrprof.dll
0x00007ff8a6650000 - 0x00007ff8a665a000 	C:\WINDOWS\System32\FLTLIB.DLL
0x00007ff898d50000 - 0x00007ff898d6a000 	D:\MASTER\AndroidS\jre\jre\bin\net.dll
0x00007ff8a5eb0000 - 0x00007ff8a5f16000 	C:\WINDOWS\system32\mswsock.dll
0x00007ff897d20000 - 0x00007ff897d31000 	D:\MASTER\AndroidS\jre\jre\bin\nio.dll
0x00007ff8945a0000 - 0x00007ff8945be000 	C:\Users\ASUS\.gradle\native\25\windows-amd64\native-platform.dll
0x00007ff899a30000 - 0x00007ff899a3d000 	D:\MASTER\AndroidS\jre\jre\bin\management.dll
0x00007ff8a6060000 - 0x00007ff8a6077000 	C:\WINDOWS\SYSTEM32\CRYPTSP.dll
0x00007ff8a5a00000 - 0x00007ff8a5a33000 	C:\WINDOWS\system32\rsaenh.dll
0x00007ff8a6190000 - 0x00007ff8a61b5000 	C:\WINDOWS\SYSTEM32\bcrypt.dll
0x00007ff8a6530000 - 0x00007ff8a6558000 	C:\WINDOWS\SYSTEM32\USERENV.dll
0x00007ff8a6080000 - 0x00007ff8a608b000 	C:\WINDOWS\SYSTEM32\CRYPTBASE.dll
0x00007ff8a5c00000 - 0x00007ff8a5c38000 	C:\WINDOWS\SYSTEM32\IPHLPAPI.DLL
0x00007ff8a7850000 - 0x00007ff8a7858000 	C:\WINDOWS\System32\NSI.dll
0x00007ff89f950000 - 0x00007ff89f966000 	C:\WINDOWS\SYSTEM32\dhcpcsvc6.DLL
0x00007ff8a0370000 - 0x00007ff8a038a000 	C:\WINDOWS\SYSTEM32\dhcpcsvc.DLL
0x00007ff89f670000 - 0x00007ff89f839000 	C:\WINDOWS\SYSTEM32\dbghelp.dll

VM Arguments:
jvm_args: -Xmx1536m -Dfile.encoding=windows-1252 -Duser.country=US -Duser.language=en -Duser.variant 
java_command: org.gradle.launcher.daemon.bootstrap.GradleDaemon 5.1.1
java_class_path (initial): C:\Users\ASUS\.gradle\wrapper\dists\gradle-5.1.1-all\97z1ksx6lirer3kbvdnh7jtjg\gradle-5.1.1\lib\gradle-launcher-5.1.1.jar
Launcher Type: SUN_STANDARD

Environment Variables:
JAVA_HOME=C:\Program Files (x86)\Java\jdk1.8.0_101
PATH=C:\WINDOWS\system32;C:\WINDOWS;C:\WINDOWS\System32\Wbem;C:\WINDOWS\System32\WindowsPowerShell\v1.0\;C:\Program Files (x86)\GtkSharp\2.12\bin;C:\ProgramData\ComposerSetup\bin;C:\WINDOWS\System32\OpenSSH\;C:\Program Files (x86)\NVIDIA Corporation\PhysX\Common;C:\Program Files\nodejs\;C:\Program Files\Git\cmd;C:\ProgramData\chocolatey\bin;C:\Program Files (x86)\Java\jdk1.8.0_101\bin;D:\MASTER\platform-tools;D:\xampp\php;C:\Users\ASUS\AppData\Local\Microsoft\WindowsApps;C:\Users\ASUS\AppData\Roaming\Composer\vendor\bin;C:\Users\ASUS\AppData\Local\Programs\Microsoft VS Code\bin;C:\Users\ASUS\AppData\Roaming\npm;D:\MASTER\Flutter\flutter\bin;C:\tools\dart-sdk\bin;C:\Users\ASUS\AppData\Roaming\Pub\Cache\bin;D:\MASTER\Sdk\platform-tools;C:\Users\ASUS\AppData\Local\GitHubDesktop\bin
USERNAME=ASUS
OS=Windows_NT
PROCESSOR_IDENTIFIER=Intel64 Family 6 Model 69 Stepping 1, GenuineIntel



---------------  S Y S T E M  ---------------

OS: Windows 10.0 , 64 bit Build 17134 (10.0.17134.753)

CPU:total 4 (initial active 4) (2 cores per cpu, 2 threads per core) family 6 model 69 stepping 1, cmov, cx8, fxsr, mmx, sse, sse2, sse3, ssse3, sse4.1, sse4.2, popcnt, avx, avx2, aes, clmul, erms, lzcnt, ht, tsc, tscinvbit, bmi1, bmi2

Memory: 4k page, physical 8269016k(2348416k free), swap 10217652k(2785080k free)

vm_info: OpenJDK 64-Bit Server VM (25.152-b01) for windows-amd64 JRE (1.8.0_152-release-1248-b01), built by "builder" with MS VC++ 10.0 (VS2010)

time: Fri Aug 16 12:26:58 2019
elapsed time: 8951 seconds (0d 2h 29m 11s)

